<?xml version="1.0" encoding="UTF-8"?>
<testsuites name="ViewGap" time="4.132" tests="2" failures="0" errors="0">
   <testsuite name="ViewGap" tests="2" failures="0" errors="0" time="4.132" skipped="0" timestamp="2022-10-31 10:27:49" hostname="PC - DESKTOP-MDQM0B6" id="Test Suites/ViewGap/ViewGap">
      <properties>
         <property name="deviceName" value=""/>
         <property name="devicePlatform" value=""/>
         <property name="logFolder" value="C:\\Users\\PC\\Katalon Studio\\BK Quality Assurance GAP API TEST\\Reports\\20221031_102745\\ViewGap\\ViewGap\\20221031_102746"/>
         <property name="logFiles" value="C:\\Users\\PC\\Katalon Studio\\BK Quality Assurance GAP API TEST\\Reports\\20221031_102745\\ViewGap\\ViewGap\\20221031_102746\\execution0.log"/>
         <property name="attachments" value=""/>
         <property name="hostName" value="PC - DESKTOP-MDQM0B6"/>
         <property name="hostAddress" value="192.168.43.88"/>
         <property name="os" value="Windows 10 64bit"/>
         <property name="katalonVersion" value="8.5.2.208"/>
      </properties>
      <testcase name="Test Cases/GapServiceR/TC_04_GetOneGap" time="2.965" classname="Test Cases/GapServiceR/TC_04_GetOneGap" status="PASSED">
         <system-out><![CDATA[2022-10-31 10:27:50 - [TEST_CASE][PASSED] - Test Cases/GapServiceR/TC_04_GetOneGap: Test Cases/GapServiceR/TC_04_GetOneGap

2022-10-31 10:27:50 - [TEST_STEP][PASSED] - Res = sendRequest(findTestObject("GAPServiceRequest/GetOneGap")): Send request successfully

2022-10-31 10:27:53 - [MESSAGE][INFO] - HAR: C:\Users\PC\Katalon Studio\BK Quality Assurance GAP API TEST\Reports\20221031_102745\ViewGap\ViewGap\20221031_102746\requests\main\0.har

2022-10-31 10:27:53 - [MESSAGE][PASSED] - Send request successfully

2022-10-31 10:27:53 - [TEST_STEP][PASSED] - verifyResponseStatusCode(Res, 200): Verify response status code successfully

2022-10-31 10:27:53 - [MESSAGE][PASSED] - Verify response status code successfully

2022-10-31 10:27:53 - [TEST_STEP][PASSED] - println(Res.getResponseText()): null]]></system-out>
         <system-err><![CDATA[]]></system-err>
      </testcase>
      <testcase name="Test Cases/GapServiceR/TC_02_GetGap" time="0.802" classname="Test Cases/GapServiceR/TC_02_GetGap" status="PASSED">
         <system-out><![CDATA[2022-10-31 10:27:53 - [TEST_CASE][PASSED] - Test Cases/GapServiceR/TC_02_GetGap: Test Cases/GapServiceR/TC_02_GetGap

2022-10-31 10:27:53 - [TEST_STEP][PASSED] - resp = sendRequest(findTestObject("GAPServiceRequest/GetGap")): Send request successfully

2022-10-31 10:27:54 - [MESSAGE][INFO] - HAR: C:\Users\PC\Katalon Studio\BK Quality Assurance GAP API TEST\Reports\20221031_102745\ViewGap\ViewGap\20221031_102746\requests\main\1.har

2022-10-31 10:27:54 - [MESSAGE][PASSED] - Send request successfully

2022-10-31 10:27:54 - [TEST_STEP][PASSED] - verifyResponseStatusCode(resp, 200): Verify response status code successfully

2022-10-31 10:27:54 - [MESSAGE][PASSED] - Verify response status code successfully

2022-10-31 10:27:54 - [TEST_STEP][PASSED] - println(resp.getResponseText()): null]]></system-out>
         <system-err><![CDATA[]]></system-err>
      </testcase>
      <system-out><![CDATA[2022-10-31 10:27:49 - [TEST_SUITE][PASSED] - ViewGap: Test Cases/GapServiceR/TC_02_GetGap]]></system-out>
      <system-err><![CDATA[]]></system-err>
   </testsuite>
</testsuites>
